<?xml version="1.0" encoding="UTF-8"?>
<!-- Generated by org.testng.reporters.JUnitXMLReporter -->
<testsuite hostname="LTIN240152" ignored="0" name="Default test" tests="3" failures="0" timestamp="22 Jan 2022 13:19:31 GMT" time="68.864" errors="0">
  <testcase name="searchProduct" time="7.241" classname="com.testCases.Test_Amazon"/>
  <testcase name="verifyProduct" time="2.772" classname="com.testCases.Test_Amazon"/>
  <testcase name="addToCart" time="58.781" classname="com.testCases.Test_Amazon"/>
</testsuite> <!-- Default test -->
