<?xml version="1.0" encoding="UTF-8"?>
<!-- Generated by org.testng.reporters.JUnitXMLReporter -->
<testsuite hostname="LTIN240152" ignored="0" name="Test_Amazon" tests="3" failures="3" timestamp="22 Jan 2022 11:41:04 GMT" time="0.114" errors="0">
  <testcase name="searchProduct" time="0.016" classname="com.testCases.Test_Amazon">
    <failure type="java.lang.NullPointerException">
      <![CDATA[java.lang.NullPointerException
at com.testCases.Test_Amazon.searchProduct(Test_Amazon.java:47)
... Removed 25 stack frames]]>
    </failure>
  </testcase> <!-- searchProduct -->
  <testcase name="verifyProduct" time="0.008" classname="com.testCases.Test_Amazon">
    <failure type="java.lang.NullPointerException">
      <![CDATA[java.lang.NullPointerException
at com.testCases.Test_Amazon.verifyProduct(Test_Amazon.java:55)
... Removed 25 stack frames]]>
    </failure>
  </testcase> <!-- verifyProduct -->
  <testcase name="addToCart" time="0.006" classname="com.testCases.Test_Amazon">
    <failure type="java.lang.NullPointerException">
      <![CDATA[java.lang.NullPointerException
at com.testCases.Test_Amazon.addToCart(Test_Amazon.java:62)
... Removed 25 stack frames]]>
    </failure>
  </testcase> <!-- addToCart -->
</testsuite> <!-- Test_Amazon -->
